<?xml version="1.0" encoding="utf-8"?><testsuites name="pytest tests"><testsuite name="pytest" errors="0" failures="2" skipped="5" tests="934" time="26.474" timestamp="2026-09-24T15:52:25.247087+08:00" hostname="CHINAMI-4QO1VLN"><testcase classname="tests.component.test_corporate_actions.TestCashDividend" name="test_dividend_credits_cash_exactly_once" time="0.002" /><testcase classname="tests.component.test_corporate_actions.TestCashDividend" name="test_holdings_are_unchanged_and_valued_at_the_raw_close" time="0.001" /><testcase classname="tests.component.test_corporate_actions.TestQuantityChangingActions" name="test_split_scales_lots_and_preserves_sellability" time="0.001" /><testcase classname="tests.component.test_corporate_actions.TestQuantityChangingActions" name="test_action_unknown_at_activation_is_applied_when_first_known" time="0.002" /><testcase classname="tests.component.test_corporate_actions.TestInterveningActionInvalidation" name="test_pending_sell_is_invalidated_without_a_substitute" time="0.002" /><testcase classname="tests.component.test_corporate_actions.TestInterveningActionInvalidation" name="test_locked_target_is_untouched_by_the_intervening_action" time="0.002" /><testcase classname="tests.component.test_corporate_actions.TestNonQuantityChangingAction" name="test_cash_dividend_does_not_invalidate_a_pending_buy" time="0.002" /><testcase classname="tests.component.test_corporate_actions.TestInvalidatedPrice" name="test_quantity_change_invalidates_a_pre_action_price" time="0.001" /><testcase classname="tests.component.test_corporate_actions.TestFractionalShareGrant" name="test_fractional_grant_floors_and_pays_cash_in_lieu" time="0.001" /><testcase classname="tests.component.test_corporate_actions.TestFractionalShareGrant" name="test_fractional_cash_folds_into_the_dividend_entry" time="0.001" /><testcase classname="tests.component.test_corporate_actions.TestFractionalShareGrant" name="test_missing_fraction_price_still_fails_closed" time="0.001" /><testcase classname="tests.component.test_corporate_actions.TestFractionalShareGrant" name="test_small_lot_floors_and_pays_the_remainder" time="0.001" /><testcase classname="tests.component.test_corporate_actions.TestFractionalShareGrant" name="test_integral_ratio_behavior_is_unchanged" time="0.001" /><testcase classname="tests.component.test_corporate_actions.TestFractionalShareGrant" name="test_legacy_accounting_rejects_fractional_grant_even_with_price" time="0.000" /><testcase classname="tests.component.test_corporate_actions.TestFractionalShareGrant" name="test_current_accounting_selection_keeps_floor_and_cash_in_lieu" time="0.000" /><testcase classname="tests.component.test_corporate_actions.TestFractionalShareGrant" name="test_integral_grant_is_identical_for_both_accounting_profiles" time="0.001" /><testcase classname="tests.component.test_event_order.TestTCloseSizing" name="test_decision_sizes_from_the_finalized_t_close" time="0.001" /><testcase classname="tests.component.test_event_order.TestTCloseSizing" name="test_target_locks_the_t_decision_identity_and_cash_weight" time="0.002" /><testcase classname="tests.component.test_event_order.TestTCloseSizing" name="test_no_order_fills_on_the_decision_session" time="0.001" /><testcase classname="tests.component.test_event_order.TestNextSessionOpenActivation" name="test_pending_order_fills_at_the_next_open_slippage_price" time="0.001" /><testcase classname="tests.component.test_event_order.TestNextSessionOpenActivation" name="test_fill_precedes_close_valuation" time="0.001" /><testcase classname="tests.component.test_event_order.TestNextSessionOpenActivation" name="test_next_decision_valued_on_post_fill_equity" time="0.002" /><testcase classname="tests.component.test_event_order.TestGlobalAffordabilityGap" name="test_gap_reduces_submitted_quantity_not_the_plan" time="0.002" /><testcase classname="tests.component.test_event_order.TestFrozenInputContract" name="test_duplicate_bar_keys_fail_closed" time="0.001" /><testcase classname="tests.component.test_event_order.TestDeterminism" name="test_repeated_runs_and_input_ordering_match" time="0.002" /><testcase classname="tests.component.test_execution_accounting.TestGlobalAffordabilityGap" name="test_planned_quantities_are_reduced_by_complete_lots_globally" time="0.001" /><testcase classname="tests.component.test_execution_accounting.TestGlobalAffordabilityGap" name="test_per_order_constraint_reasons_record_the_gap" time="0.001" /><testcase classname="tests.component.test_execution_accounting.TestGlobalAffordabilityGap" name="test_fills_are_all_or_none_at_the_execution_price" time="0.001" /><testcase classname="tests.component.test_execution_accounting.TestGlobalAffordabilityGap" name="test_itemized_costs_and_holdings_ledger" time="0.001" /><testcase classname="tests.component.test_execution_accounting.TestGlobalAffordabilityGap" name="test_input_ordering_does_not_change_the_activation" time="0.001" /><testcase classname="tests.component.test_execution_accounting.TestSellSideActivation" name="test_sell_fills_at_floor_ticked_slippage_price" time="0.001" /><testcase classname="tests.component.test_execution_accounting.TestSellSideActivation" name="test_selling_beyond_sellable_quantity_is_rejected" time="0.001" /><testcase classname="tests.component.test_execution_accounting.TestTradabilityRejections" name="test_suspended_instrument_is_rejected_without_a_fill" time="0.001" /><testcase classname="tests.component.test_execution_accounting.TestTradabilityRejections" name="test_missing_tradability_fails_closed_as_unknown" time="0.001" /><testcase classname="tests.component.test_execution_accounting.TestValuation" name="test_suspended_position_uses_last_valid_close_with_stale_mark" time="0.001" /><testcase classname="tests.component.test_execution_accounting.TestValuation" name="test_incomplete_valuation_is_recorded_with_its_reason" time="0.001" /><testcase classname="tests.component.test_execution_accounting.TestValuation" name="test_unpriceable_holding_makes_the_valuation_incomplete" time="0.001" /><testcase classname="tests.component.test_execution_accounting.TestValuation" name="test_nav_point_relates_equity_to_the_initial_capital" time="0.001" /><testcase classname="tests.component.test_foundation_adversarial_boundaries" name="test_risk_transform_rejects_adversarial_rule_outcomes[forged-before]" time="0.001" /><testcase classname="tests.component.test_foundation_adversarial_boundaries" name="test_risk_transform_rejects_adversarial_rule_outcomes[negative-weight]" time="0.001" /><testcase classname="tests.component.test_foundation_adversarial_boundaries" name="test_risk_transform_rejects_adversarial_rule_outcomes[missing-exposure]" time="0.001" /><testcase classname="tests.component.test_foundation_adversarial_boundaries" name="test_risk_transform_rejects_adversarial_rule_outcomes[pass-mutation]" time="0.001" /><testcase classname="tests.component.test_foundation_adversarial_boundaries" name="test_risk_transform_rejects_adversarial_rule_outcomes[duplicate-weight]" time="0.001" /><testcase classname="tests.component.test_foundation_adversarial_boundaries" name="test_risk_transform_rejects_adversarial_rule_outcomes[mismatched-identity]" time="0.001" /><testcase classname="tests.component.test_foundation_adversarial_boundaries" name="test_current_portfolio_copies_caller_owned_holdings" time="0.000" /><testcase classname="tests.component.test_foundation_adversarial_boundaries" name="test_decision_context_rejects_future_tradability_and_corporate_actions" time="0.001" /><testcase classname="tests.component.test_no_lookahead.TestNoLookahead" name="test_mutating_all_data_after_t_leaves_the_t_decision_identical" time="0.003" /><testcase classname="tests.component.test_no_lookahead.TestNoLookahead" name="test_next_open_change_moves_the_fill_not_the_plan" time="0.002" /><testcase classname="tests.component.test_no_lookahead.TestDecisionContextContract" name="test_context_rejects_a_bar_that_is_not_knowable_at_the_cutoff" time="0.001" /><testcase classname="tests.component.test_no_lookahead.TestDecisionContextContract" name="test_context_rejects_a_bar_after_the_decision_session" time="0.001" /><testcase classname="tests.component.test_no_lookahead.TestDecisionSlice" name="test_future_slice_request_fails_loudly" time="0.002" /><testcase classname="tests.component.test_no_lookahead.TestDecisionSlice" name="test_fact_unavailable_at_the_cutoff_is_not_in_the_slice" time="0.001" /><testcase classname="tests.component.test_tradability.TestSuspendedAndUnknown" name="test_suspended_buy_is_rejected_without_a_fill" time="0.002" /><testcase classname="tests.component.test_tradability.TestSuspendedAndUnknown" name="test_unknown_status_blocks_exposure" time="0.002" /><testcase classname="tests.component.test_tradability.TestSuspendedAndUnknown" name="test_missing_tradability_fact_fails_closed_as_unknown" time="0.002" /><testcase classname="tests.component.test_tradability.TestSuspendedAndUnknown" name="test_fact_not_knowable_at_the_activation_cutoff_is_unknown" time="0.002" /><testcase classname="tests.component.test_tradability.TestPriceLimits" name="test_upper_limit_buy_is_rejected" time="0.002" /><testcase classname="tests.component.test_tradability.TestPriceLimits" name="test_lower_limit_sell_is_rejected_and_position_is_retained" time="0.002" /><testcase classname="tests.component.test_tradability.TestSettlementSellability" name="test_acquisition_is_not_sellable_on_its_own_session" time="0.002" /><testcase classname="tests.component.test_tradability.TestSettlementSellability" name="test_exit_fills_on_the_next_session_once_sellable" time="0.002" /><testcase classname="tests.component.test_tradability.TestStaleMarkValuation" name="test_suspended_holding_is_marked_at_last_valid_close" time="0.002" /><testcase classname="tests.component.test_tradability.TestStaleMarkValuation" name="test_missing_finalized_close_blocks_the_next_decision" time="0.002" /><testcase classname="tests.contract.test_canonical_market_contracts.TestDailyBarConstruction" name="test_canonical_bar_retains_all_declared_fields" time="0.001" /><testcase classname="tests.contract.test_canonical_market_contracts.TestDailyBarConstruction" name="test_canonical_execution_bar_is_raw" time="0.001" /><testcase classname="tests.contract.test_canonical_market_contracts.TestDailyBarConstruction" name="test_datetimes_are_rejected_as_session_dates" time="0.001" /><testcase classname="tests.contract.test_canonical_market_contracts.TestDailyBarConstruction" name="test_bar_is_immutable" time="0.001" /><testcase classname="tests.contract.test_canonical_market_contracts.TestDailyBarPriceInvariants" name="test_non_positive_ohlc_price_is_rejected[open]" time="0.001" /><testcase classname="tests.contract.test_canonical_market_contracts.TestDailyBarPriceInvariants" name="test_non_positive_ohlc_price_is_rejected[high]" time="0.001" /><testcase classname="tests.contract.test_canonical_market_contracts.TestDailyBarPriceInvariants" name="test_non_positive_ohlc_price_is_rejected[low]" time="0.001" /><testcase classname="tests.contract.test_canonical_market_contracts.TestDailyBarPriceInvariants" name="test_non_positive_ohlc_price_is_rejected[close]" time="0.001" /><testcase classname="tests.contract.test_canonical_market_contracts.TestDailyBarPriceInvariants" name="test_low_above_open_is_rejected" time="0.001" /><testcase classname="tests.contract.test_canonical_market_contracts.TestDailyBarPriceInvariants" name="test_close_above_high_is_rejected" time="0.000" /><testcase classname="tests.contract.test_canonical_market_contracts.TestDailyBarPriceInvariants" name="test_open_above_high_is_rejected" time="0.001" /><testcase classname="tests.contract.test_canonical_market_contracts.TestDailyBarPriceInvariants" name="test_low_above_close_is_rejected" time="0.000" /><testcase classname="tests.contract.test_canonical_market_contracts.TestDailyBarPriceInvariants" name="test_touching_extremes_are_valid" time="0.001" /><testcase classname="tests.contract.test_canonical_market_contracts.TestDailyBarPreCloseNullVersusZero" name="test_pre_close_is_optional_without_defaulting_to_zero" time="0.000" /><testcase classname="tests.contract.test_canonical_market_contracts.TestDailyBarPreCloseNullVersusZero" name="test_zero_pre_close_is_rejected_because_zero_is_not_a_close" time="0.000" /><testcase classname="tests.contract.test_canonical_market_contracts.TestDailyBarPreCloseNullVersusZero" name="test_negative_pre_close_is_rejected" time="0.000" /><testcase classname="tests.contract.test_canonical_market_contracts.TestDailyBarVolumeAmountUnits" name="test_genuine_zero_volume_is_preserved_not_nulled" time="0.000" /><testcase classname="tests.contract.test_canonical_market_contracts.TestDailyBarVolumeAmountUnits" name="test_negative_volume_is_rejected" time="0.001" /><testcase classname="tests.contract.test_canonical_market_contracts.TestDailyBarVolumeAmountUnits" name="test_negative_amount_is_rejected" time="0.001" /><testcase classname="tests.contract.test_canonical_market_contracts.TestDailyBarVolumeAmountUnits" name="test_float_volume_is_rejected" time="0.001" /><testcase classname="tests.contract.test_canonical_market_contracts.TestDailyBarVolumeAmountUnits" name="test_missing_unit_names_are_rejected" time="0.001" /><testcase classname="tests.contract.test_canonical_market_contracts.TestDailyBarVolumeAmountUnits" name="test_non_cny_currency_is_rejected_in_m0" time="0.001" /><testcase classname="tests.contract.test_canonical_market_contracts.TestDailyBarAvailability" name="test_information_time_and_retrieval_time_stay_distinct" time="0.000" /><testcase classname="tests.contract.test_canonical_market_contracts.TestDailyBarAvailability" name="test_naive_retrieval_time_is_rejected" time="0.000" /><testcase classname="tests.contract.test_canonical_market_contracts.TestDailyBarAvailability" name="test_unknown_basis_requires_no_information_time" time="0.001" /><testcase classname="tests.contract.test_canonical_market_contracts.TestDailyBarAvailability" name="test_unknown_basis_never_acquires_a_fabricated_time" time="0.001" /><testcase classname="tests.contract.test_canonical_market_contracts.TestDailyBarAvailability" name="test_known_bases_require_the_information_time[OBSERVED]" time="0.001" /><testcase classname="tests.contract.test_canonical_market_contracts.TestDailyBarAvailability" name="test_known_bases_require_the_information_time[EXCHANGE_RULE]" time="0.001" /><testcase classname="tests.contract.test_canonical_market_contracts.TestDailyBarAvailability" name="test_known_bases_require_the_information_time[INFERRED]" time="0.001" /><testcase classname="tests.contract.test_canonical_market_contracts.TestDailyBarAvailability" name="test_information_time_after_retrieval_time_is_rejected" time="0.000" /><testcase classname="tests.contract.test_canonical_market_contracts.TestDailyBarAvailability" name="test_pit_access_uses_information_availability_only" time="0.001" /><testcase classname="tests.contract.test_canonical_market_contracts.TestDailyBarAvailability" name="test_pit_access_of_unknown_basis_stays_unknown" time="0.000" /><testcase classname="tests.contract.test_canonical_market_contracts.TestDailyBarAvailability" name="test_naive_cutoff_is_rejected_for_pit_access" time="0.000" /><testcase classname="tests.contract.test_canonical_market_contracts.TestDailyBarAdjustmentFactor" name="test_optional_point_in_time_factor_is_retained" time="0.001" /><testcase classname="tests.contract.test_canonical_market_contracts.TestDailyBarAdjustmentFactor" name="test_non_positive_factor_is_rejected" time="0.000" /><testcase classname="tests.contract.test_canonical_market_contracts.TestTradingSession" name="test_session_retains_identity_and_status" time="0.000" /><testcase classname="tests.contract.test_canonical_market_contracts.TestTradingSession" name="test_session_date_rejects_datetimes" time="0.000" /><testcase classname="tests.contract.test_canonical_market_contracts.TestTradingSession" name="test_calendar_identity_is_required" time="0.001" /><testcase classname="tests.contract.test_canonical_market_contracts.TestTradingSession" name="test_snapshot_version_is_required" time="0.000" /><testcase classname="tests.contract.test_canonical_market_contracts.TestMarketCalendar" name="test_calendar_rejects_foreign_calendar_sessions" time="0.001" /><testcase classname="tests.contract.test_canonical_market_contracts.TestMarketCalendar" name="test_calendar_rejects_duplicate_session_dates" time="0.000" /><testcase classname="tests.contract.test_canonical_market_contracts.TestMarketCalendar" name="test_calendar_rejects_unsorted_sessions" time="0.000" /><testcase classname="tests.contract.test_canonical_market_contracts.TestMarketCalendar" name="test_next_session_skips_closed_sessions_in_the_snapshot" time="0.000" /><testcase classname="tests.contract.test_canonical_market_contracts.TestMarketCalendar" name="test_next_session_is_resolved_from_the_snapshot_not_weekday_math" time="0.000" /><testcase classname="tests.contract.test_canonical_market_contracts.TestMarketCalendar" name="test_next_session_after_snapshot_end_fails_closed" time="0.001" /><testcase classname="tests.contract.test_canonical_market_contracts.TestMarketCalendar" name="test_next_session_rejects_datetime_argument" time="0.001" /><testcase classname="tests.contract.test_canonical_market_contracts.TestMarketCalendar" name="test_session_lookup_on_the_snapshot" time="0.001" /><testcase classname="tests.contract.test_canonical_market_contracts.TestTradabilityStatus" name="test_tradable_status_permits_both_sides" time="0.000" /><testcase classname="tests.contract.test_canonical_market_contracts.TestTradabilityStatus" name="test_suspension_blocks_both_sides_and_keeps_the_reason" time="0.000" /><testcase classname="tests.contract.test_canonical_market_contracts.TestTradabilityStatus" name="test_unknown_status_is_a_real_value_and_permits_nothing" time="0.000" /><testcase classname="tests.contract.test_canonical_market_contracts.TestTradabilityStatus" name="test_upper_limit_blocks_buys_but_allows_sells" time="0.000" /><testcase classname="tests.contract.test_canonical_market_contracts.TestTradabilityStatus" name="test_lower_limit_blocks_sells_but_allows_buys" time="0.000" /><testcase classname="tests.contract.test_canonical_market_contracts.TestTradabilityStatus" name="test_not_listed_and_delisted_block_both_sides" time="0.000" /><testcase classname="tests.contract.test_canonical_market_contracts.TestTradabilityStatus" name="test_provenance_is_required" time="0.000" /><testcase classname="tests.contract.test_canonical_market_contracts.TestTradabilityStatus" name="test_availability_is_required" time="0.000" /><testcase classname="tests.contract.test_canonical_market_contracts.TestCorporateAction" name="test_action_retains_declared_fields" time="0.000" /><testcase classname="tests.contract.test_canonical_market_contracts.TestCorporateAction" name="test_split_carries_share_ratio_without_cash" time="0.000" /><testcase classname="tests.contract.test_canonical_market_contracts.TestCorporateAction" name="test_action_without_economic_terms_is_rejected" time="0.000" /><testcase classname="tests.contract.test_canonical_market_contracts.TestCorporateAction" name="test_non_positive_ratio_is_rejected" time="0.001" /><testcase classname="tests.contract.test_canonical_market_contracts.TestCorporateAction" name="test_revision_must_be_positive" time="0.001" /><testcase classname="tests.contract.test_canonical_market_contracts.TestCorporateAction" name="test_correction_creates_a_new_record_instead_of_mutating" time="0.001" /><testcase classname="tests.contract.test_canonical_market_contracts.TestCorporateAction" name="test_record_is_immutable" time="0.001" /><testcase classname="tests.contract.test_canonical_market_contracts.TestCorporateAction" name="test_provenance_is_required" time="0.001" /><testcase classname="tests.contract.test_canonical_market_contracts.TestCorporateAction" name="test_unknown_availability_is_expressible" time="0.000" /><testcase classname="tests.contract.test_canonical_market_contracts.TestProviderEvidence" name="test_evidence_retains_provider_and_request_identity" time="0.001" /><testcase classname="tests.contract.test_canonical_market_contracts.TestProviderEvidence" name="test_naive_retrieval_time_is_rejected" time="0.001" /><testcase classname="tests.contract.test_canonical_market_contracts.TestProviderEvidence" name="test_negative_record_count_is_rejected" time="0.000" /><testcase classname="tests.contract.test_canonical_market_contracts.TestProviderEvidence" name="test_missing_checksum_is_rejected" time="0.000" /><testcase classname="tests.contract.test_canonical_market_contracts.TestProviderEvidence" name="test_warnings_are_immutable" time="0.000" /><testcase classname="tests.contract.test_canonical_market_contracts.TestProviderResults" name="test_empty_success_is_a_success_not_a_failure" time="0.000" /><testcase classname="tests.contract.test_canonical_market_contracts.TestProviderResults" name="test_success_carries_canonical_records_and_evidence" time="0.000" /><testcase classname="tests.contract.test_canonical_market_contracts.TestProviderResults" name="test_failure_carries_typed_error_code_and_cause" time="0.000" /><testcase classname="tests.contract.test_canonical_market_contracts.TestProviderResults" name="test_every_documented_error_category_exists" time="0.001" /><testcase classname="tests.contract.test_canonical_market_contracts.TestCanonicalSerialization" name="test_daily_bar_round_trip_preserves_decimal_date_time_enum_schema" time="0.001" /><testcase classname="tests.contract.test_canonical_market_contracts.TestCanonicalSerialization" name="test_daily_bar_rejects_unknown_schema_version" time="0.001" /><testcase classname="tests.contract.test_canonical_market_contracts.TestCanonicalSerialization" name="test_daily_bar_rejects_missing_required_keys" time="0.001" /><testcase classname="tests.contract.test_canonical_market_contracts.TestCanonicalSerialization" name="test_trading_session_round_trip" time="0.000" /><testcase classname="tests.contract.test_canonical_market_contracts.TestCanonicalSerialization" name="test_tradability_round_trip" time="0.001" /><testcase classname="tests.contract.test_canonical_market_contracts.TestCanonicalSerialization" name="test_corporate_action_round_trip" time="0.000" /><testcase classname="tests.contract.test_chstockdata_provider.TestDailyBarMapping" name="test_maps_canonical_identity_session_and_decimal_prices" time="0.001" /><testcase classname="tests.contract.test_chstockdata_provider.TestDailyBarMapping" name="test_normalizes_declared_vendor_units_exactly_once" time="0.001" /><testcase classname="tests.contract.test_chstockdata_provider.TestDailyBarMapping" name="test_declares_exchange_rule_close_availability_with_retrieval_time" time="0.001" /><testcase classname="tests.contract.test_chstockdata_provider.TestDailyBarMapping" name="test_attaches_requested_identity_and_normalizes_input_ordering" time="0.001" /><testcase classname="tests.contract.test_chstockdata_provider.TestProviderEvidence" name="test_evidence_records_identity_counts_and_stable_checksums" time="0.002" /><testcase classname="tests.contract.test_chstockdata_provider.TestProviderEvidence" name="test_evidence_checksum_changes_with_payload_content" time="0.002" /><testcase classname="tests.contract.test_chstockdata_provider.TestProviderEvidence" name="test_provider_failure_is_a_value_with_typed_code" time="0.000" /><testcase classname="tests.contract.test_chstockdata_provider.TestClientBoundary" name="test_client_protocol_is_structural" time="0.000" /><testcase classname="tests.contract.test_chstockdata_provider.TestDailyBarFailureModes" name="test_empty_rows_with_complete_coverage_are_an_empty_success" time="0.001" /><testcase classname="tests.contract.test_chstockdata_provider.TestDailyBarFailureModes" name="test_partial_coverage_fails_closed_as_partial_result" time="0.001" /><testcase classname="tests.contract.test_chstockdata_provider.TestDailyBarFailureModes" name="test_missing_required_column_is_schema_drift" time="0.001" /><testcase classname="tests.contract.test_chstockdata_provider.TestDailyBarFailureModes" name="test_additive_columns_are_recorded_and_ignored" time="0.002" /><testcase classname="tests.contract.test_chstockdata_provider.TestDailyBarFailureModes" name="test_unusable_required_value_is_malformed_data[None]" time="0.002" /><testcase classname="tests.contract.test_chstockdata_provider.TestDailyBarFailureModes" name="test_unusable_required_value_is_malformed_data[not-a-number]" time="0.002" /><testcase classname="tests.contract.test_chstockdata_provider.TestDailyBarFailureModes" name="test_duplicate_session_rows_are_malformed_data" time="0.002" /><testcase classname="tests.contract.test_chstockdata_provider.TestDailyBarFailureModes" name="test_datetime_session_values_are_rejected" time="0.001" /><testcase classname="tests.contract.test_chstockdata_provider.TestDailyBarFailureModes" name="test_unknown_unit_token_is_schema_drift" time="0.001" /><testcase classname="tests.contract.test_chstockdata_provider.TestDailyBarFailureModes" name="test_unproven_unit_contract_fails_closed" time="0.001" /><testcase classname="tests.contract.test_chstockdata_provider.TestDailyBarFailureModes" name="test_declared_vendor_unavailability_is_typed" time="0.000" /><testcase classname="tests.contract.test_chstockdata_provider.TestDailyBarFailureModes" name="test_declared_misconfiguration_is_typed" time="0.000" /><testcase classname="tests.contract.test_chstockdata_provider.TestDailyBarFailureModes" name="test_vendor_schema_error_is_typed_schema_drift" time="0.000" /><testcase classname="tests.contract.test_chstockdata_provider.TestDailyBarFailureModes" name="test_bar_whose_session_close_is_after_retrieval_is_malformed" time="0.002" /><testcase classname="tests.contract.test_chstockdata_provider.TestDailyBarAvailabilityEdgeCases" name="test_explicit_unknown_availability_stays_explicit" time="0.002" /><testcase classname="tests.contract.test_chstockdata_provider.TestDailyBarAvailabilityEdgeCases" name="test_vendor_observed_information_time_is_preserved" time="0.001" /><testcase classname="tests.contract.test_chstockdata_provider.TestDailyBarAvailabilityEdgeCases" name="test_unknown_availability_basis_token_is_schema_drift" time="0.001" /><testcase classname="tests.contract.test_chstockdata_provider.TestLibraryClientBoundary" name="test_rejects_a_library_release_other_than_the_pin" time="0.001" /><testcase classname="tests.contract.test_chstockdata_provider.TestLibraryClientBoundary" name="test_accepts_the_pinned_release" time="0.000" /><testcase classname="tests.contract.test_chstockdata_provider.TestLibraryClientBoundary" name="test_maps_canonical_identity_to_the_vipdoc_call[instrument_id0-510300-sh]" time="0.001" /><testcase classname="tests.contract.test_chstockdata_provider.TestLibraryClientBoundary" name="test_maps_canonical_identity_to_the_vipdoc_call[instrument_id1-159915-sz]" time="0.001" /><testcase classname="tests.contract.test_chstockdata_provider.TestLibraryClientBoundary" name="test_missing_local_history_fails_closed" time="0.001" /><testcase classname="tests.contract.test_chstockdata_provider.TestLibraryClientBoundary" name="test_unexpected_library_errors_propagate_to_the_adapter" time="0.001" /><testcase classname="tests.contract.test_chstockdata_provider.TestLibraryClientBoundary" name="test_missing_optional_dependency_is_a_configuration_failure" time="0.001" /><testcase classname="tests.contract.test_chstockdata_provider.TestCorporateActionRouting" name="test_etf_requests_bind_the_kind_into_the_request_digest_and_client_call" time="0.001" /><testcase classname="tests.contract.test_chstockdata_provider.TestCorporateActionRouting" name="test_request_kinds_share_the_port_but_not_the_request_digest" time="0.001" /><testcase classname="tests.contract.test_chstockdata_provider.TestCalendarMapping" name="test_marks_open_and_inferred_closed_sessions" time="0.001" /><testcase classname="tests.contract.test_chstockdata_provider.TestCalendarMapping" name="test_partial_coverage_fails_closed" time="0.001" /><testcase classname="tests.contract.test_chstockdata_provider.TestCalendarMapping" name="test_stale_calendar_source_is_recorded_as_a_warning" time="0.001" /><testcase classname="tests.contract.test_chstockdata_provider.TestCalendarMapping" name="test_open_day_outside_the_covered_window_is_malformed" time="0.001" /><testcase classname="tests.contract.test_chstockdata_provider.TestTradabilityMapping" name="test_same_day_suspension_snapshot_is_observed" time="0.001" /><testcase classname="tests.contract.test_chstockdata_provider.TestTradabilityMapping" name="test_historical_session_uses_the_exchange_rule_open_time" time="0.001" /><testcase classname="tests.contract.test_chstockdata_provider.TestTradabilityMapping" name="test_absent_suspension_record_is_tradable" time="0.001" /><testcase classname="tests.contract.test_chstockdata_provider.TestTradabilityMapping" name="test_snapshot_for_a_different_session_fails_closed" time="0.001" /><testcase classname="tests.contract.test_chstockdata_provider.TestTradabilityMapping" name="test_non_boolean_suspension_flag_is_malformed" time="0.001" /><testcase classname="tests.contract.test_chstockdata_provider.TestCorporateActionMapping" name="test_cash_dividend_maps_per_share_amount_and_dates" time="0.001" /><testcase classname="tests.contract.test_chstockdata_provider.TestCorporateActionMapping" name="test_stock_dividend_maps_to_a_split_share_ratio" time="0.001" /><testcase classname="tests.contract.test_chstockdata_provider.TestCorporateActionMapping" name="test_items_are_ordered_canonically_regardless_of_input_order" time="0.001" /><testcase classname="tests.contract.test_chstockdata_provider.TestCorporateActionMapping" name="test_partial_coverage_fails_closed" time="0.001" /><testcase classname="tests.contract.test_chstockdata_provider.TestCorporateActionMapping" name="test_item_without_an_ex_date_fails_closed" time="0.001" /><testcase classname="tests.contract.test_chstockdata_provider.TestCorporateActionMapping" name="test_rights_issues_are_unsupported_in_m0" time="0.002" /><testcase classname="tests.contract.test_chstockdata_provider.TestCorporateActionMapping" name="test_empty_items_is_an_empty_success" time="0.001" /><testcase classname="tests.contract.test_chstockdata_provider.TestRuleCandidateAdjudication" name="test_vendor_rule_profiles_map_to_canonical_candidates" time="0.001" /><testcase classname="tests.contract.test_chstockdata_provider.TestRuleCandidateAdjudication" name="test_conflicting_candidate_never_overrides_the_approved_master" time="0.001" /><testcase classname="tests.contract.test_chstockdata_provider.TestRuleCandidateAdjudication" name="test_candidate_for_an_unapproved_instrument_fails_closed" time="0.001" /><testcase classname="tests.contract.test_chstockdata_provider.TestRuleCandidateAdjudication" name="test_unknown_rule_kind_fails_closed" time="0.001" /><testcase classname="tests.contract.test_chstockdata_provider.TestRuleCandidateAdjudication" name="test_unknown_rule_value_key_fails_closed" time="0.001" /><testcase classname="tests.contract.test_chstockdata_provider.TestProviderPortConformance" name="test_adapter_satisfies_the_provider_port" time="0.001" /><testcase classname="tests.contract.test_chstockdata_provider.TestProviderPortConformance" name="test_capability_evidence_reports_version_and_capabilities" time="0.002" /><testcase classname="tests.contract.test_chstockdata_provider.TestProviderPortConformance" name="test_library_rule_candidates_are_an_empty_advisory_result" time="0.001" /><testcase classname="tests.contract.test_provider_port.TestDataProviderPort" name="test_canonical_stub_satisfies_the_port_protocol" time="0.001" /><testcase classname="tests.contract.test_provider_port.TestDataProviderPort" name="test_capability_evidence_returns_provider_evidence" time="0.001" /><testcase classname="tests.contract.test_provider_port.TestDataProviderPort" name="test_daily_bar_result_carries_canonical_bars" time="0.001" /><testcase classname="tests.contract.test_provider_port.TestDataProviderPort" name="test_empty_success_stays_distinct_from_typed_failure" time="0.001" /><testcase classname="tests.contract.test_provider_port.TestDataProviderPort" name="test_typed_failure_is_a_value_not_an_exception" time="0.001" /><testcase classname="tests.contract.test_provider_port.TestPortRequestContracts" name="test_request_requires_a_universe" time="0.001" /><testcase classname="tests.contract.test_provider_port.TestPortRequestContracts" name="test_request_rejects_inverted_date_range" time="0.001" /><testcase classname="tests.contract.test_provider_port.TestPortRequestContracts" name="test_request_rejects_datetimes_as_session_dates" time="0.000" /><testcase classname="tests.contract.test_provider_port.TestPortRequestContracts" name="test_request_declares_adjustment_intent" time="0.000" /><testcase classname="tests.golden.test_foundation_state_sequences" name="test_state_sequence_ledgers_reconstruct_terminal_account[G02-default]" time="0.003" /><testcase classname="tests.golden.test_foundation_state_sequences" name="test_state_sequence_ledgers_reconstruct_terminal_account[G03-default]" time="0.003" /><testcase classname="tests.golden.test_foundation_state_sequences" name="test_state_sequence_ledgers_reconstruct_terminal_account[G04-default]" time="0.003" /><testcase classname="tests.golden.test_foundation_state_sequences" name="test_state_sequence_ledgers_reconstruct_terminal_account[G09-default]" time="0.004" /><testcase classname="tests.golden.test_foundation_state_sequences" name="test_state_sequence_ledgers_reconstruct_terminal_account[G14-default]" time="0.003" /><testcase classname="tests.golden.test_foundation_state_sequences" name="test_state_sequence_ledgers_reconstruct_terminal_account[G16-default]" time="0.003" /><testcase classname="tests.golden.test_foundation_state_sequences" name="test_state_sequence_ledgers_reconstruct_terminal_account[G19-default]" time="0.003" /><testcase classname="tests.golden.test_foundation_state_sequences" name="test_state_sequence_ledgers_reconstruct_terminal_account[G20-stale_mark]" time="0.002" /><testcase classname="tests.golden.test_foundation_state_sequences" name="test_state_sequence_ledgers_reconstruct_terminal_account[G21-split_pending_exit]" time="0.002" /><testcase classname="tests.golden.test_foundation_state_sequences" name="test_state_sequence_order_outcomes_and_fee_postings_are_one_to_one[G02-default]" time="0.003" /><testcase classname="tests.golden.test_foundation_state_sequences" name="test_state_sequence_order_outcomes_and_fee_postings_are_one_to_one[G03-default]" time="0.002" /><testcase classname="tests.golden.test_foundation_state_sequences" name="test_state_sequence_order_outcomes_and_fee_postings_are_one_to_one[G04-default]" time="0.002" /><testcase classname="tests.golden.test_foundation_state_sequences" name="test_state_sequence_order_outcomes_and_fee_postings_are_one_to_one[G09-default]" time="0.004" /><testcase classname="tests.golden.test_foundation_state_sequences" name="test_state_sequence_order_outcomes_and_fee_postings_are_one_to_one[G14-default]" time="0.003" /><testcase classname="tests.golden.test_foundation_state_sequences" name="test_state_sequence_order_outcomes_and_fee_postings_are_one_to_one[G16-default]" time="0.003" /><testcase classname="tests.golden.test_foundation_state_sequences" name="test_state_sequence_order_outcomes_and_fee_postings_are_one_to_one[G19-default]" time="0.004" /><testcase classname="tests.golden.test_foundation_state_sequences" name="test_state_sequence_order_outcomes_and_fee_postings_are_one_to_one[G20-stale_mark]" time="0.002" /><testcase classname="tests.golden.test_foundation_state_sequences" name="test_state_sequence_order_outcomes_and_fee_postings_are_one_to_one[G21-split_pending_exit]" time="0.002" /><testcase classname="tests.golden.test_foundation_state_sequences" name="test_state_sequence_replay_is_digest_stable[G02-default]" time="0.004" /><testcase classname="tests.golden.test_foundation_state_sequences" name="test_state_sequence_replay_is_digest_stable[G03-default]" time="0.003" /><testcase classname="tests.golden.test_foundation_state_sequences" name="test_state_sequence_replay_is_digest_stable[G04-default]" time="0.005" /><testcase classname="tests.golden.test_foundation_state_sequences" name="test_state_sequence_replay_is_digest_stable[G09-default]" time="0.006" /><testcase classname="tests.golden.test_foundation_state_sequences" name="test_state_sequence_replay_is_digest_stable[G14-default]" time="0.005" /><testcase classname="tests.golden.test_foundation_state_sequences" name="test_state_sequence_replay_is_digest_stable[G16-default]" time="0.004" /><testcase classname="tests.golden.test_foundation_state_sequences" name="test_state_sequence_replay_is_digest_stable[G19-default]" time="0.005" /><testcase classname="tests.golden.test_foundation_state_sequences" name="test_state_sequence_replay_is_digest_stable[G20-stale_mark]" time="0.004" /><testcase classname="tests.golden.test_foundation_state_sequences" name="test_state_sequence_replay_is_digest_stable[G21-split_pending_exit]" time="0.004" /><testcase classname="tests.golden.test_foundation_state_sequences" name="test_pending_exit_is_invalidated_instead_of_rescaled_after_split" time="0.002" /><testcase classname="tests.golden.test_foundation_state_sequences" name="test_stale_mark_never_fabricates_an_execution_price" time="0.002" /><testcase classname="tests.golden.test_golden_scenarios" name="test_scenario_index_covers_g01_through_g21" time="0.000" /><testcase classname="tests.golden.test_golden_scenarios" name="test_golden_driver_is_documented_as_a_non_strategy" time="0.000" /><testcase classname="tests.golden.test_golden_scenarios" name="test_scenario_manifest_and_expected_outputs_are_complete[G01]" time="0.002" /><testcase classname="tests.golden.test_golden_scenarios" name="test_scenario_manifest_and_expected_outputs_are_complete[G02]" time="0.002" /><testcase classname="tests.golden.test_golden_scenarios" name="test_scenario_manifest_and_expected_outputs_are_complete[G03]" time="0.002" /><testcase classname="tests.golden.test_golden_scenarios" name="test_scenario_manifest_and_expected_outputs_are_complete[G04]" time="0.002" /><testcase classname="tests.golden.test_golden_scenarios" name="test_scenario_manifest_and_expected_outputs_are_complete[G05]" time="0.002" /><testcase classname="tests.golden.test_golden_scenarios" name="test_scenario_manifest_and_expected_outputs_are_complete[G06]" time="0.002" /><testcase classname="tests.golden.test_golden_scenarios" name="test_scenario_manifest_and_expected_outputs_are_complete[G07]" time="0.002" /><testcase classname="tests.golden.test_golden_scenarios" name="test_scenario_manifest_and_expected_outputs_are_complete[G08]" time="0.002" /><testcase classname="tests.golden.test_golden_scenarios" name="test_scenario_manifest_and_expected_outputs_are_complete[G09]" time="0.002" /><testcase classname="tests.golden.test_golden_scenarios" name="test_scenario_manifest_and_expected_outputs_are_complete[G10]" time="0.002" /><testcase classname="tests.golden.test_golden_scenarios" name="test_scenario_manifest_and_expected_outputs_are_complete[G11]" time="0.002" /><testcase classname="tests.golden.test_golden_scenarios" name="test_scenario_manifest_and_expected_outputs_are_complete[G12]" time="0.002" /><testcase classname="tests.golden.test_golden_scenarios" name="test_scenario_manifest_and_expected_outputs_are_complete[G13]" time="0.002" /><testcase classname="tests.golden.test_golden_scenarios" name="test_scenario_manifest_and_expected_outputs_are_complete[G14]" time="0.002" /><testcase classname="tests.golden.test_golden_scenarios" name="test_scenario_manifest_and_expected_outputs_are_complete[G15]" time="0.002" /><testcase classname="tests.golden.test_golden_scenarios" name="test_scenario_manifest_and_expected_outputs_are_complete[G16]" time="0.002" /><testcase classname="tests.golden.test_golden_scenarios" name="test_scenario_manifest_and_expected_outputs_are_complete[G17]" time="0.002" /><testcase classname="tests.golden.test_golden_scenarios" name="test_scenario_manifest_and_expected_outputs_are_complete[G18]" time="0.002" /><testcase classname="tests.golden.test_golden_scenarios" name="test_scenario_manifest_and_expected_outputs_are_complete[G19]" time="0.002" /><testcase classname="tests.golden.test_golden_scenarios" name="test_scenario_manifest_and_expected_outputs_are_complete[G20]" time="0.002" /><testcase classname="tests.golden.test_golden_scenarios" name="test_scenario_manifest_and_expected_outputs_are_complete[G21]" time="0.002" /><testcase classname="tests.golden.test_golden_scenarios" name="test_scenario_matches_its_hand_calculated_expectations[G01]" time="0.003" /><testcase classname="tests.golden.test_golden_scenarios" name="test_scenario_matches_its_hand_calculated_expectations[G02]" time="0.003" /><testcase classname="tests.golden.test_golden_scenarios" name="test_scenario_matches_its_hand_calculated_expectations[G03]" time="0.002" /><testcase classname="tests.golden.test_golden_scenarios" name="test_scenario_matches_its_hand_calculated_expectations[G04]" time="0.003" /><testcase classname="tests.golden.test_golden_scenarios" name="test_scenario_matches_its_hand_calculated_expectations[G05]" time="0.004" /><testcase classname="tests.golden.test_golden_scenarios" name="test_scenario_matches_its_hand_calculated_expectations[G06]" time="0.003" /><testcase classname="tests.golden.test_golden_scenarios" name="test_scenario_matches_its_hand_calculated_expectations[G07]" time="0.002" /><testcase classname="tests.golden.test_golden_scenarios" name="test_scenario_matches_its_hand_calculated_expectations[G08]" time="0.003" /><testcase classname="tests.golden.test_golden_scenarios" name="test_scenario_matches_its_hand_calculated_expectations[G09]" time="0.004" /><testcase classname="tests.golden.test_golden_scenarios" name="test_scenario_matches_its_hand_calculated_expectations[G10]" time="0.003" /><testcase classname="tests.golden.test_golden_scenarios" name="test_scenario_matches_its_hand_calculated_expectations[G11]" time="0.002" /><testcase classname="tests.golden.test_golden_scenarios" name="test_scenario_matches_its_hand_calculated_expectations[G12]" time="0.002" /><testcase classname="tests.golden.test_golden_scenarios" name="test_scenario_matches_its_hand_calculated_expectations[G13]" time="0.003" /><testcase classname="tests.golden.test_golden_scenarios" name="test_scenario_matches_its_hand_calculated_expectations[G14]" time="0.003" /><testcase classname="tests.golden.test_golden_scenarios" name="test_scenario_matches_its_hand_calculated_expectations[G15]" time="0.003" /><testcase classname="tests.golden.test_golden_scenarios" name="test_scenario_matches_its_hand_calculated_expectations[G16]" time="0.003" /><testcase classname="tests.golden.test_golden_scenarios" name="test_scenario_matches_its_hand_calculated_expectations[G17]" time="0.003" /><testcase classname="tests.golden.test_golden_scenarios" name="test_scenario_matches_its_hand_calculated_expectations[G18]" time="0.004" /><testcase classname="tests.golden.test_golden_scenarios" name="test_scenario_matches_its_hand_calculated_expectations[G19]" time="0.003" /><testcase classname="tests.golden.test_golden_scenarios" name="test_scenario_matches_its_hand_calculated_expectations[G20]" time="0.004" /><testcase classname="tests.golden.test_golden_scenarios" name="test_scenario_matches_its_hand_calculated_expectations[G21]" time="0.004" /><testcase classname="tests.golden.test_golden_scenarios" name="test_scenario_runs_are_deterministic_in_process[G01]" time="0.003" /><testcase classname="tests.golden.test_golden_scenarios" name="test_scenario_runs_are_deterministic_in_process[G02]" time="0.004" /><testcase classname="tests.golden.test_golden_scenarios" name="test_scenario_runs_are_deterministic_in_process[G03]" time="0.004" /><testcase classname="tests.golden.test_golden_scenarios" name="test_scenario_runs_are_deterministic_in_process[G04]" time="0.005" /><testcase classname="tests.golden.test_golden_scenarios" name="test_scenario_runs_are_deterministic_in_process[G05]" time="0.007" /><testcase classname="tests.golden.test_golden_scenarios" name="test_scenario_runs_are_deterministic_in_process[G06]" time="0.003" /><testcase classname="tests.golden.test_golden_scenarios" name="test_scenario_runs_are_deterministic_in_process[G07]" time="0.003" /><testcase classname="tests.golden.test_golden_scenarios" name="test_scenario_runs_are_deterministic_in_process[G08]" time="0.003" /><testcase classname="tests.golden.test_golden_scenarios" name="test_scenario_runs_are_deterministic_in_process[G09]" time="0.007" /><testcase classname="tests.golden.test_golden_scenarios" name="test_scenario_runs_are_deterministic_in_process[G10]" time="0.004" /><testcase classname="tests.golden.test_golden_scenarios" name="test_scenario_runs_are_deterministic_in_process[G11]" time="0.003" /><testcase classname="tests.golden.test_golden_scenarios" name="test_scenario_runs_are_deterministic_in_process[G12]" time="0.002" /><testcase classname="tests.golden.test_golden_scenarios" name="test_scenario_runs_are_deterministic_in_process[G13]" time="0.005" /><testcase classname="tests.golden.test_golden_scenarios" name="test_scenario_runs_are_deterministic_in_process[G14]" time="0.005" /><testcase classname="tests.golden.test_golden_scenarios" name="test_scenario_runs_are_deterministic_in_process[G15]" time="0.006" /><testcase classname="tests.golden.test_golden_scenarios" name="test_scenario_runs_are_deterministic_in_process[G16]" time="0.005" /><testcase classname="tests.golden.test_golden_scenarios" name="test_scenario_runs_are_deterministic_in_process[G17]" time="0.003" /><testcase classname="tests.golden.test_golden_scenarios" name="test_scenario_runs_are_deterministic_in_process[G18]" time="0.004" /><testcase classname="tests.golden.test_golden_scenarios" name="test_scenario_runs_are_deterministic_in_process[G19]" time="0.005" /><testcase classname="tests.golden.test_golden_scenarios" name="test_scenario_runs_are_deterministic_in_process[G20]" time="0.005" /><testcase classname="tests.golden.test_golden_scenarios" name="test_scenario_runs_are_deterministic_in_process[G21]" time="0.006" /><testcase classname="tests.golden.test_golden_scenarios" name="test_scenario_runs_never_produce_negative_cash[G01]" time="0.003" /><testcase classname="tests.golden.test_golden_scenarios" name="test_scenario_runs_never_produce_negative_cash[G02]" time="0.003" /><testcase classname="tests.golden.test_golden_scenarios" name="test_scenario_runs_never_produce_negative_cash[G03]" time="0.002" /><testcase classname="tests.golden.test_golden_scenarios" name="test_scenario_runs_never_produce_negative_cash[G04]" time="0.003" /><testcase classname="tests.golden.test_golden_scenarios" name="test_scenario_runs_never_produce_negative_cash[G05]" time="0.004" /><testcase classname="tests.golden.test_golden_scenarios" name="test_scenario_runs_never_produce_negative_cash[G06]" time="0.003" /><testcase classname="tests.golden.test_golden_scenarios" name="test_scenario_runs_never_produce_negative_cash[G07]" time="0.003" /><testcase classname="tests.golden.test_golden_scenarios" name="test_scenario_runs_never_produce_negative_cash[G08]" time="0.003" /><testcase classname="tests.golden.test_golden_scenarios" name="test_scenario_runs_never_produce_negative_cash[G09]" time="0.003" /><testcase classname="tests.golden.test_golden_scenarios" name="test_scenario_runs_never_produce_negative_cash[G10]" time="0.002" /><testcase classname="tests.golden.test_golden_scenarios" name="test_scenario_runs_never_produce_negative_cash[G11]" time="0.002" /><testcase classname="tests.golden.test_golden_scenarios" name="test_scenario_runs_never_produce_negative_cash[G12]" time="0.001" /><testcase classname="tests.golden.test_golden_scenarios" name="test_scenario_runs_never_produce_negative_cash[G13]" time="0.003" /><testcase classname="tests.golden.test_golden_scenarios" name="test_scenario_runs_never_produce_negative_cash[G14]" time="0.004" /><testcase classname="tests.golden.test_golden_scenarios" name="test_scenario_runs_never_produce_negative_cash[G15]" time="0.004" /><testcase classname="tests.golden.test_golden_scenarios" name="test_scenario_runs_never_produce_negative_cash[G16]" time="0.003" /><testcase classname="tests.golden.test_golden_scenarios" name="test_scenario_runs_never_produce_negative_cash[G17]" time="0.003" /><testcase classname="tests.golden.test_golden_scenarios" name="test_scenario_runs_never_produce_negative_cash[G18]" time="0.004" /><testcase classname="tests.golden.test_golden_scenarios" name="test_scenario_runs_never_produce_negative_cash[G19]" time="0.004" /><testcase classname="tests.golden.test_golden_scenarios" name="test_scenario_runs_never_produce_negative_cash[G20]" time="0.003" /><testcase classname="tests.golden.test_golden_scenarios" name="test_scenario_runs_never_produce_negative_cash[G21]" time="0.004" /><testcase classname="tests.golden.test_golden_scenarios.TestG03ResidualCash" name="test_residual_cash_and_executable_weight_are_explicit" time="0.003" /><testcase classname="tests.golden.test_golden_scenarios.TestG04StockCosts" name="test_itemized_cash_entries_and_effective_dated_market_provenance" time="0.003" /><testcase classname="tests.golden.test_golden_scenarios.TestG05EtfFeeProfiles" name="test_each_subtype_uses_its_own_approved_market_fee_family" time="0.004" /><testcase classname="tests.golden.test_golden_scenarios.TestG09Settlement" name="test_sellable_dates_are_profile_driven" time="0.005" /><testcase classname="tests.golden.test_golden_scenarios.TestG10NoLookahead" name="test_mutating_future_bars_cannot_change_the_t_decision" time="0.003" /><testcase classname="tests.golden.test_golden_scenarios.TestG11CorporateAction" name="test_dividend_is_credited_once_and_adjustment_never_double_counts" time="0.002" /><testcase classname="tests.golden.test_golden_scenarios.TestG13TerminalModes" name="test_terminal_modes_have_distinct_identity_and_costs" time="0.003" /><testcase classname="tests.golden.test_golden_scenarios.TestG14InputOrdering" name="test_reordered_facts_do_not_change_the_run" time="0.004" /><testcase classname="tests.golden.test_golden_scenarios.TestG15TargetCompleteness" name="test_explicit_zero_exits_and_explicit_unchanged_has_no_delta" time="0.003" /><testcase classname="tests.golden.test_golden_scenarios.TestG15TargetCompleteness" name="test_absent_held_instrument_fails_the_complete_target_boundary" time="0.002" /><testcase classname="tests.golden.test_golden_scenarios.TestG16GapReduction" name="test_affordable_open_keeps_the_t_decision_identical" time="0.003" /><testcase classname="tests.golden.test_golden_scenarios.TestG17PointInTime" name="test_decision_slice_uses_information_time_only" time="0.002" /><testcase classname="tests.golden.test_golden_scenarios.TestG18Authority" name="test_provider_candidates_never_become_authority" time="0.003" /><testcase classname="tests.golden.test_golden_scenarios.TestG19Sleeves" name="test_sleeves_come_only_from_explicit_fields" time="0.004" /><testcase classname="tests.golden.test_golden_scenarios.TestG20Valuation" name="test_stale_nav_is_reportable_but_incomplete_nav_blocks_metrics" time="0.003" /><testcase classname="tests.golden.test_golden_scenarios.TestG21InterveningAction" name="test_intervening_split_keeps_the_locked_target_identity" time="0.003" /><testcase classname="tests.integration.test_foundation_digest_binding" name="test_snapshot_identity_binds_quality_receipt_and_status" time="0.001" /><testcase classname="tests.integration.test_foundation_digest_binding" name="test_portfolio_snapshot_digest_binds_acquisition_lot_schedule" time="0.001" /><testcase classname="tests.integration.test_foundation_digest_binding" name="test_backtest_digest_binds_ledger_source_identity" time="0.001" /><testcase classname="tests.integration.test_manifest_identity" name="test_every_replay_input_change_creates_a_new_manifest_identity[data_snapshot_digest-sha256:c45654cb3e52974cc12fc37c985d7c55e0f47ba63e9b12adb66b3814e5886bd1]" time="0.001" /><testcase classname="tests.integration.test_manifest_identity" name="test_every_replay_input_change_creates_a_new_manifest_identity[fee_config_digest-sha256:3d57f2f82a78f1b03da118692dba8ccfd06eecdacda4c7deb2e91654bf4de615]" time="0.002" /><testcase classname="tests.integration.test_manifest_identity" name="test_every_replay_input_change_creates_a_new_manifest_identity[calendar_digest-sha256:0a40a62ee4f13822160d8662f730b706e79e753c03fa541a4f308070f49eeb67]" time="0.002" /><testcase classname="tests.integration.test_manifest_identity" name="test_every_replay_input_change_creates_a_new_manifest_identity[execution_model_version-NEXT_SESSION_OPEN-v2]" time="0.001" /><testcase classname="tests.integration.test_manifest_identity" name="test_every_replay_input_change_creates_a_new_manifest_identity[dependency_lock_digest-sha256:bdf0869d1366b0dd474b37381894565fdce0c5df07743453bd4accae304e8cd4]" time="0.001" /><testcase classname="tests.integration.test_manifest_identity" name="test_every_replay_input_change_creates_a_new_manifest_identity[rule_versions-changed_value5]" time="0.001" /><testcase classname="tests.integration.test_manifest_identity" name="test_missing_replay_identity_or_unapproved_benchmark_fails_closed[code_commit-]" time="0.001" /><testcase classname="tests.integration.test_manifest_identity" name="test_missing_replay_identity_or_unapproved_benchmark_fails_closed[dependency_lock_digest-]" time="0.001" /><testcase classname="tests.integration.test_manifest_identity" name="test_missing_replay_identity_or_unapproved_benchmark_fails_closed[data_snapshot_digest-]" time="0.002" /><testcase classname="tests.integration.test_manifest_identity" name="test_missing_replay_identity_or_unapproved_benchmark_fails_closed[benchmark_identity-CSI300]" time="0.001" /><testcase classname="tests.integration.test_reproducibility" name="test_scenario_replays_identically_from_two_isolated_snapshots[G01]" time="0.078" /><testcase classname="tests.integration.test_reproducibility" name="test_scenario_replays_identically_from_two_isolated_snapshots[G02]" time="0.058" /><testcase classname="tests.integration.test_reproducibility" name="test_scenario_replays_identically_from_two_isolated_snapshots[G03]" time="0.056" /><testcase classname="tests.integration.test_reproducibility" name="test_scenario_replays_identically_from_two_isolated_snapshots[G04]" time="0.067" /><testcase classname="tests.integration.test_reproducibility" name="test_scenario_replays_identically_from_two_isolated_snapshots[G05]" time="0.064" /><testcase classname="tests.integration.test_reproducibility" name="test_scenario_replays_identically_from_two_isolated_snapshots[G06]" time="0.054" /><testcase classname="tests.integration.test_reproducibility" name="test_scenario_replays_identically_from_two_isolated_snapshots[G07]" time="0.054" /><testcase classname="tests.integration.test_reproducibility" name="test_scenario_replays_identically_from_two_isolated_snapshots[G08]" time="0.054" /><testcase classname="tests.integration.test_reproducibility" name="test_scenario_replays_identically_from_two_isolated_snapshots[G09]" time="0.070" /><testcase classname="tests.integration.test_reproducibility" name="test_scenario_replays_identically_from_two_isolated_snapshots[G10]" time="0.051" /><testcase classname="tests.integration.test_reproducibility" name="test_scenario_replays_identically_from_two_isolated_snapshots[G11]" time="0.065" /><testcase classname="tests.integration.test_reproducibility" name="test_scenario_replays_identically_from_two_isolated_snapshots[G12]" time="0.004" /><testcase classname="tests.integration.test_reproducibility" name="test_scenario_replays_identically_from_two_isolated_snapshots[G13]" time="0.078" /><testcase classname="tests.integration.test_reproducibility" name="test_scenario_replays_identically_from_two_isolated_snapshots[G14]" time="0.057" /><testcase classname="tests.integration.test_reproducibility" name="test_scenario_replays_identically_from_two_isolated_snapshots[G15]" time="0.085" /><testcase classname="tests.integration.test_reproducibility" name="test_scenario_replays_identically_from_two_isolated_snapshots[G16]" time="0.051" /><testcase classname="tests.integration.test_reproducibility" name="test_scenario_replays_identically_from_two_isolated_snapshots[G17]" time="0.048" /><testcase classname="tests.integration.test_reproducibility" name="test_scenario_replays_identically_from_two_isolated_snapshots[G18]" time="0.100" /><testcase classname="tests.integration.test_reproducibility" name="test_scenario_replays_identically_from_two_isolated_snapshots[G19]" time="0.063" /><testcase classname="tests.integration.test_reproducibility" name="test_scenario_replays_identically_from_two_isolated_snapshots[G20]" time="0.104" /><testcase classname="tests.integration.test_reproducibility" name="test_scenario_replays_identically_from_two_isolated_snapshots[G21]" time="0.102" /><testcase classname="tests.integration.test_reproducibility" name="test_snapshot_persistence_is_immutable" time="0.010" /><testcase classname="tests.integration.test_research_cli" name="test_cli_has_screen_basic_backtest_and_verify_commands" time="0.003" /><testcase classname="tests.integration.test_research_cli" name="test_cli_has_no_bypass_flags" time="0.003" /><testcase classname="tests.integration.test_research_cli" name="test_screen_accepts_frozen_intent_and_persists_artifact" time="0.024" /><testcase classname="tests.integration.test_research_cli" name="test_screen_rejects_missing_benchmark_with_typed_artifact" time="0.021" /><testcase classname="tests.integration.test_research_cli" name="test_screen_nonzero_exit_on_unparseable_intent" time="0.014" /><testcase classname="tests.integration.test_research_cli" name="test_basic_backtest_runs_variants_and_selects_by_priority" time="0.355" /><testcase classname="tests.integration.test_research_cli" name="test_basic_snapshot_failure_after_attempt_start_is_retained" time="0.096" /><testcase classname="tests.integration.test_research_cli" name="test_report_persistence_failure_becomes_complete_failed_attempt" time="0.329" /><testcase classname="tests.integration.test_research_cli" name="test_catalog_persistence_failure_leaves_explained_marker" time="0.296" /><testcase classname="tests.integration.test_research_cli" name="test_clean_basic_run_passes_catalog_verification" time="0.414" /><testcase classname="tests.integration.test_research_cli" name="test_run_artifacts_are_catalogued_per_file_with_their_own_digests" time="0.365" /><testcase classname="tests.integration.test_research_cli" name="test_failed_run_result_digest_matches_persisted_bytes" time="0.440" /><testcase classname="tests.integration.test_research_cli" name="test_basic_backtest_requires_the_screened_intent_to_match" time="0.039" /><testcase classname="tests.integration.test_research_cli" name="test_priority_first_pass_wins_even_when_other_return_is_higher" time="0.329" /><testcase classname="tests.integration.test_research_cli" name="test_re_run_same_manifest_creates_new_attempt_with_same_digest" time="0.588" /><testcase classname="tests.integration.test_research_cli" name="test_basic_backtest_requires_cheap_screen_pass" time="0.018" /><testcase classname="tests.integration.test_research_cli" name="test_basic_backtest_rejects_post_basic_snapshot_rows" time="0.076" /><testcase classname="tests.integration.test_research_cli" name="test_basic_backtest_retains_all_rejected_attempts" time="0.390" /><testcase classname="tests.integration.test_research_cli" name="test_verify_passes_on_consistent_root" time="0.020" /><testcase classname="tests.integration.test_research_cli" name="test_verify_fails_on_tampered_artifact" time="0.349" /><testcase classname="tests.integration.test_research_cli" name="test_oos_run_refuses_freeze_bound_implementation_drift" time="0.381" /><testcase classname="tests.integration.test_research_cli" name="test_oos_run_refuses_freeze_bound_kernel_drift" time="0.371" /><testcase classname="tests.integration.test_research_cli" name="test_oos_run_unknown_kernel_never_opens_the_snapshot" time="0.351" /><testcase classname="tests.integration.test_research_cli" name="test_oos_freeze_refuses_unsupported_kernel_before_persistence" time="0.345" /><testcase classname="tests.integration.test_research_cli" name="test_oos_run_refuses_corrupt_oos_snapshot_with_typed_error" time="0.420" /><testcase classname="tests.integration.test_research_cli" name="test_cli_has_oos_commands_and_no_bypass_flags" time="0.003" /><testcase classname="tests.integration.test_research_cli" name="test_oos_freeze_requires_basic_pass" time="0.025" /><testcase classname="tests.integration.test_research_cli" name="test_oos_freeze_requires_selected_basic_candidate" time="0.315" /><testcase classname="tests.integration.test_research_cli" name="test_oos_freeze_persists_immutable_freeze_artifact" time="0.393" /><testcase classname="tests.integration.test_research_cli" name="test_oos_freeze_is_idempotent_for_identical_content" time="0.443" /><testcase classname="tests.integration.test_research_cli" name="test_oos_run_records_exactly_one_verdict" time="0.768" /><testcase classname="tests.integration.test_research_cli" name="test_oos_run_without_warm_up_snapshot_still_evaluates_short_lookback" time="0.639" /><testcase classname="tests.integration.test_research_cli" name="test_oos_run_reveal_intent_persists_before_the_snapshot_is_opened" time="0.384" /><testcase classname="tests.integration.test_research_cli" name="test_new_intent_version_cannot_freeze_an_already_revealed_lineage_window" time="0.800" /><testcase classname="tests.integration.test_research_cli" name="test_oos_run_refuses_contaminated_oos_snapshot" time="0.400" /><testcase classname="tests.integration.test_research_cli" name="test_oos_run_refuses_mismatched_warm_up_snapshot" time="0.383" /><testcase classname="tests.integration.test_research_cli" name="test_no_oos_eligible_records_honest_outcome_without_materialization" time="0.343" /><testcase classname="tests.integration.test_research_cli" name="test_no_oos_eligible_refuses_when_an_eligible_candidate_exists" time="0.350" /><testcase classname="tests.integration.test_snapshot_replay.TestSnapshotRoundTrip" name="test_persist_then_replay_preserves_records_and_checksums" time="0.034" /><testcase classname="tests.integration.test_snapshot_replay.TestSnapshotIdentity" name="test_identical_runs_in_two_directories_yield_identical_manifest_bytes" time="0.016" /><testcase classname="tests.integration.test_snapshot_replay.TestSnapshotIdentity" name="test_record_ordering_does_not_change_the_snapshot_identity" time="0.015" /><testcase classname="tests.integration.test_snapshot_replay.TestSnapshotIdentity" name="test_mutating_one_price_yields_a_new_snapshot_id" time="0.014" /><testcase classname="tests.integration.test_snapshot_replay.TestSnapshotIntegrity" name="test_corrupted_artifact_is_detected_on_replay" time="0.022" /><testcase classname="tests.integration.test_snapshot_replay.TestSnapshotIntegrity" name="test_manifest_snapshot_id_mismatch_is_detected_on_replay" time="0.019" /><testcase classname="tests.integration.test_snapshot_replay.TestSnapshotIntegrity" name="test_writer_refuses_to_overwrite_an_existing_manifest" time="0.010" /><testcase classname="tests.integration.test_snapshot_replay.TestQualityEvidenceBinding" name="test_persist_binds_gate_evidence_into_manifest_and_replay" time="0.022" /><testcase classname="tests.integration.test_snapshot_replay.TestQualityEvidenceBinding" name="test_quality_evidence_is_part_of_the_snapshot_identity" time="0.019" /><testcase classname="tests.parity.test_reference_cases.TestParityReferenceCases" name="test_case_matches_frozen_independent_evidence[PARITY-A-SHARE-SELL-FEES-20230828]" time="0.001" /><testcase classname="tests.parity.test_reference_cases.TestParityReferenceCases" name="test_case_matches_frozen_independent_evidence[PARITY-A-SHARE-BUY-FEES-20230828]" time="0.001" /><testcase classname="tests.parity.test_reference_cases.TestParityReferenceCases" name="test_case_matches_frozen_independent_evidence[PARITY-ETF-ZERO-STAMP-TRANSFER]" time="0.001" /><testcase classname="tests.parity.test_reference_cases.TestParityReferenceCases" name="test_case_matches_frozen_independent_evidence[PARITY-PRICE-LIMIT-10PCT-A-SHARE]" time="0.001" /><testcase classname="tests.parity.test_reference_cases.TestParityReferenceCases" name="test_case_matches_frozen_independent_evidence[PARITY-PRICE-LIMIT-ETF-TICK]" time="0.001" /><testcase classname="tests.parity.test_reference_cases.TestParityReferenceCases" name="test_case_matches_frozen_independent_evidence[PARITY-PRICE-LIMIT-CHINEXT-20PCT]" time="0.001" /><testcase classname="tests.parity.test_reference_cases.TestParityReferenceCases" name="test_case_matches_frozen_independent_evidence[PARITY-SETTLEMENT-T-PLUS-ONE]" time="0.001" /><testcase classname="tests.parity.test_reference_cases.TestParityReferenceCases" name="test_case_matches_frozen_independent_evidence[PARITY-SETTLEMENT-GOLD-ETF-INTRADAY]" time="0.001" /><testcase classname="tests.parity.test_reference_cases.TestParityReferenceCases" name="test_case_matches_frozen_independent_evidence[PARITY-SETTLEMENT-BOND-ETF-INTRADAY]" time="0.001" /><testcase classname="tests.parity.test_reference_cases.TestParityReferenceCases" name="test_case_matches_frozen_independent_evidence[PARITY-PIT-UNKNOWN-BASIS]" time="0.001" /><testcase classname="tests.parity.test_reference_cases.TestParityReferenceCases" name="test_case_matches_frozen_independent_evidence[PARITY-EXECUTION-TICK-ROUNDING]" time="0.001" /><testcase classname="tests.parity.test_reference_cases.TestParityReferenceCases" name="test_case_matches_frozen_independent_evidence[PARITY-LOT-RULES-BOARD-LOT]" time="0.001" /><testcase classname="tests.parity.test_reference_cases.TestParityReferenceCases" name="test_no_case_is_missing_its_source_semantics_or_tolerance" time="0.001" /><testcase classname="tests.parity.test_reference_cases.TestParityReferenceCases" name="test_report_is_immutable_and_reproducible" time="0.020" /><testcase classname="tests.parity.test_reference_cases.TestParityReferenceCases" name="test_generated_report_matches_the_committed_parity_evidence" time="0.016"><failure message="assert b'{\n  &quot;cases...&quot;0&quot;\n  }\n}\n' == b'{\r\n  &quot;cas...n  }\r\n}\r\n'&#10;  &#10;  At index 1 diff: b'\n' != b'\r'&#10;  Use -v to get more diff">self = &lt;test_reference_cases.TestParityReferenceCases object at 0x000002514780EF90&gt;
tmp_path = WindowsPath('C:/Users/Administrator/AppData/Local/Temp/pytest-of-Administrator/pytest-2588/test_generated_report_matches_0')

    def test_generated_report_matches_the_committed_parity_evidence(
        self, tmp_path: Path
    ) -&gt; None:
        generated = write_report(build_report(), directory=tmp_path)
        committed = DEFAULT_REPORT_DIR / OFFLINE_REPORT_NAME
    
&gt;       assert generated.read_bytes() == committed.read_bytes()
E       assert b'{\n  "cases..."0"\n  }\n}\n' == b'{\r\n  "cas...n  }\r\n}\r\n'
E         
E         At index 1 diff: b'\n' != b'\r'
E         Use -v to get more diff

tests\parity\test_reference_cases.py:353: AssertionError</failure></testcase><testcase classname="tests.parity.test_reference_cases.TestParityReferenceCases" name="test_report_records_sources_excluded_scope_and_zero_unexplained_delta" time="0.001" /><testcase classname="tests.qualification.test_chstockdata_etf_gate.TestQualificationScope" name="test_matrix_declares_only_the_three_approved_m0_subtypes" time="0.001" /><testcase classname="tests.qualification.test_chstockdata_etf_gate.TestQualificationScope" name="test_matrix_instruments_use_canonical_ids_and_vendor_symbols" time="0.000" /><testcase classname="tests.qualification.test_chstockdata_etf_gate.TestQualificationScope" name="test_rejected_scope_is_explicit_and_never_approved" time="0.001" /><testcase classname="tests.qualification.test_chstockdata_etf_gate.TestQualificationScope" name="test_unverified_subtypes_are_not_even_expressible" time="0.000" /><testcase classname="tests.qualification.test_chstockdata_etf_gate.TestOfflineEtfGate" name="test_gate_passes_every_check_for_every_approved_instrument" time="0.006" /><testcase classname="tests.qualification.test_chstockdata_etf_gate.TestOfflineEtfGate" name="test_every_subtype_carries_the_full_capability_check_set" time="0.006" /><testcase classname="tests.qualification.test_chstockdata_etf_gate.TestOfflineEtfGate" name="test_recorded_edge_events_are_qualified" time="0.005" /><testcase classname="tests.qualification.test_chstockdata_etf_gate.TestOfflineEtfGate" name="test_a_broken_capability_fails_only_its_own_subtype" time="0.006" /><testcase classname="tests.qualification.test_chstockdata_etf_gate.TestOfflineEtfGate" name="test_report_is_capability_scoped_and_records_evidence" time="0.005" /><testcase classname="tests.qualification.test_chstockdata_etf_gate.TestOfflineEtfGate" name="test_report_generation_is_deterministic" time="0.011" /><testcase classname="tests.qualification.test_chstockdata_etf_gate.TestOfflineEtfGate" name="test_generated_report_matches_the_committed_offline_evidence" time="0.020"><failure message="assert b'{\n  &quot;appro...08&quot;\n  }\n}\n' == b'{\r\n  &quot;app...n  }\r\n}\r\n'&#10;  &#10;  At index 1 diff: b'\n' != b'\r'&#10;  Use -v to get more diff">self = &lt;test_chstockdata_etf_gate.TestOfflineEtfGate object at 0x0000025147897470&gt;
tmp_path = WindowsPath('C:/Users/Administrator/AppData/Local/Temp/pytest-of-Administrator/pytest-2588/test_generated_report_matches_1')

    def test_generated_report_matches_the_committed_offline_evidence(
        self, tmp_path: Path
    ) -&gt; None:
        report = evaluate_offline(MATRIX, PAYLOADS)
        generated = write_report(report, directory=tmp_path)
        committed = DEFAULT_REPORT_DIR / OFFLINE_REPORT_NAME
    
&gt;       assert generated.read_bytes() == committed.read_bytes()
E       assert b'{\n  "appro...08"\n  }\n}\n' == b'{\r\n  "app...n  }\r\n}\r\n'
E         
E         At index 1 diff: b'\n' != b'\r'
E         Use -v to get more diff

tests\qualification\test_chstockdata_etf_gate.py:193: AssertionError</failure></testcase><testcase classname="tests.qualification.test_chstockdata_etf_gate.TestOfflineEtfGate" name="test_report_path_is_outside_the_core_package" time="0.002" /><testcase classname="tests.qualification.test_chstockdata_etf_gate.TestLiveEtfQualification" name="test_live_routing_and_ohlcv_pre_close" time="0.000"><skipped type="pytest.skip" message="opt-in live qualification: set SIOS_CHSTOCKDATA_LIVE_QUALIFICATION=1 and install the pinned chstockdata release with a local vipdoc tree">C:\Users\Administrator\AppData\Local\Temp\chstockdata-rh3b3-execution-20260924\consumer-sios-rh3a-baseline\tests\qualification\test_chstockdata_etf_gate.py:206: opt-in live qualification: set SIOS_CHSTOCKDATA_LIVE_QUALIFICATION=1 and install the pinned chstockdata release with a local vipdoc tree</skipped></testcase><testcase classname="tests.qualification.test_chstockdata_etf_gate.TestLiveEtfQualification" name="test_live_units_calendar_and_history_coverage" time="0.000"><skipped type="pytest.skip" message="opt-in live qualification: set SIOS_CHSTOCKDATA_LIVE_QUALIFICATION=1 and install the pinned chstockdata release with a local vipdoc tree">C:\Users\Administrator\AppData\Local\Temp\chstockdata-rh3b3-execution-20260924\consumer-sios-rh3a-baseline\tests\qualification\test_chstockdata_etf_gate.py:223: opt-in live qualification: set SIOS_CHSTOCKDATA_LIVE_QUALIFICATION=1 and install the pinned chstockdata release with a local vipdoc tree</skipped></testcase><testcase classname="tests.qualification.test_chstockdata_etf_gate.TestLiveEtfQualification" name="test_live_tradability_adjustment_and_freshness" time="0.000"><skipped type="pytest.skip" message="opt-in live qualification: set SIOS_CHSTOCKDATA_LIVE_QUALIFICATION=1 and install the pinned chstockdata release with a local vipdoc tree">C:\Users\Administrator\AppData\Local\Temp\chstockdata-rh3b3-execution-20260924\consumer-sios-rh3a-baseline\tests\qualification\test_chstockdata_etf_gate.py:241: opt-in live qualification: set SIOS_CHSTOCKDATA_LIVE_QUALIFICATION=1 and install the pinned chstockdata release with a local vipdoc tree</skipped></testcase><testcase classname="tests.qualification.test_chstockdata_etf_gate.TestLiveEtfQualification" name="test_live_provider_version_evidence" time="0.000"><skipped type="pytest.skip" message="opt-in live qualification: set SIOS_CHSTOCKDATA_LIVE_QUALIFICATION=1 and install the pinned chstockdata release with a local vipdoc tree">C:\Users\Administrator\AppData\Local\Temp\chstockdata-rh3b3-execution-20260924\consumer-sios-rh3a-baseline\tests\qualification\test_chstockdata_etf_gate.py:263: opt-in live qualification: set SIOS_CHSTOCKDATA_LIVE_QUALIFICATION=1 and install the pinned chstockdata release with a local vipdoc tree</skipped></testcase><testcase classname="tests.qualification.test_chstockdata_etf_gate.TestLiveEtfQualification" name="test_live_client_requires_the_pinned_release" time="0.000"><skipped type="pytest.skip" message="opt-in live qualification: set SIOS_CHSTOCKDATA_LIVE_QUALIFICATION=1 and install the pinned chstockdata release with a local vipdoc tree">C:\Users\Administrator\AppData\Local\Temp\chstockdata-rh3b3-execution-20260924\consumer-sios-rh3a-baseline\tests\qualification\test_chstockdata_etf_gate.py:274: opt-in live qualification: set SIOS_CHSTOCKDATA_LIVE_QUALIFICATION=1 and install the pinned chstockdata release with a local vipdoc tree</skipped></testcase><testcase classname="tests.qualification.test_m0_real_data_vertical_smoke" name="test_owner_snapshot_passes_the_real_data_vertical_smoke" time="1.113" /><testcase classname="tests.research.test_ai_source_flight" name="test_source_screen_records_real_source_provenance_and_verdict" time="0.027" /><testcase classname="tests.research.test_ai_source_flight" name="test_source_screen_rejects_missing_rights_before_any_implementation" time="0.022" /><testcase classname="tests.research.test_ai_source_flight" name="test_source_screen_requires_a_declared_falsifiable_hypothesis" time="0.019" /><testcase classname="tests.research.test_ai_source_flight" name="test_committed_real_source_flight_record_is_screenable" time="0.012" /><testcase classname="tests.research.test_artifact_retention" name="test_write_new_json_is_create_new_with_canonical_digest" time="0.013" /><testcase classname="tests.research.test_artifact_retention" name="test_existing_artifact_paths_are_never_overwritten" time="0.014" /><testcase classname="tests.research.test_artifact_retention" name="test_next_attempt_counts_complete_runs_per_manifest_identity" time="0.042" /><testcase classname="tests.research.test_artifact_retention" name="test_run_id_is_deterministic_and_attempt_scoped" time="0.000" /><testcase classname="tests.research.test_artifact_retention" name="test_next_attempt_fails_closed_when_run_directory_missing_result" time="0.007" /><testcase classname="tests.research.test_artifact_retention" name="test_next_attempt_fails_closed_when_run_directory_missing_report" time="0.009" /><testcase classname="tests.research.test_artifact_retention" name="test_half_persisted_run_is_detected_not_silently_counted" time="0.013" /><testcase classname="tests.research.test_artifact_retention" name="test_catalog_gap_non_numeric_and_misrecorded_entries_fail_closed" time="0.023" /><testcase classname="tests.research.test_artifact_retention" name="test_failed_catalog_append_never_reuses_or_skips_sequences" time="0.009" /><testcase classname="tests.research.test_artifact_retention" name="test_verify_catalog_fails_on_missing_and_mutated_artifacts" time="0.038" /><testcase classname="tests.research.test_artifact_retention" name="test_failed_run_is_retained_as_immutable_artifacts_and_catalog_entries" time="0.237" /><testcase classname="tests.research.test_artifact_retention" name="test_deleting_a_failed_experiment_breaks_verification" time="0.195" /><testcase classname="tests.research.test_artifact_retention" name="test_failed_run_and_successful_run_are_retained_side_by_side" time="0.416" /><testcase classname="tests.research.test_asset_class_outcomes" name="test_select_oos_reports_no_candidate_without_materializing_oos" time="0.030" /><testcase classname="tests.research.test_asset_class_outcomes" name="test_select_oos_exposes_the_priority_selected_variant" time="0.020" /><testcase classname="tests.research.test_asset_class_outcomes" name="test_select_oos_refuses_two_independent_eligible_lineages" time="0.041" /><testcase classname="tests.research.test_asset_class_outcomes" name="test_no_oos_eligible_is_idempotent_and_catalogues_one_outcome" time="0.042" /><testcase classname="tests.research.test_asset_class_outcomes" name="test_asset_class_outcome_is_immutable_after_first_canonical_verdict" time="0.017" /><testcase classname="tests.research.test_basic_snapshot_boundary" name="test_basic_snapshot_at_basic_end_is_accepted" time="0.036" /><testcase classname="tests.research.test_basic_snapshot_boundary" name="test_basic_snapshot_row_after_basic_end_fails_closed" time="0.036" /><testcase classname="tests.research.test_basic_snapshot_boundary" name="test_basic_snapshot_short_coverage_fails_closed" time="0.034" /><testcase classname="tests.research.test_basic_snapshot_boundary" name="test_basic_snapshot_outside_approved_asset_class_fails" time="0.032" /><testcase classname="tests.research.test_basic_snapshot_boundary" name="test_snapshot_covering_more_than_intent_universe_is_accepted" time="0.038" /><testcase classname="tests.research.test_basic_snapshot_boundary" name="test_universe_instrument_ending_before_basic_end_fails_closed" time="0.032" /><testcase classname="tests.research.test_basic_snapshot_boundary" name="test_run_artifacts_and_directories_cannot_be_overwritten" time="0.007" /><testcase classname="tests.research.test_basic_snapshot_boundary" name="test_catalog_is_append_only_with_unique_sequences" time="0.024" /><testcase classname="tests.research.test_basic_snapshot_boundary" name="test_catalog_verification_detects_content_mutation" time="0.034" /><testcase classname="tests.research.test_basic_snapshot_boundary" name="test_stock_snapshot_forms_the_annual_pit_schedule" time="0.719" /><testcase classname="tests.research.test_basic_snapshot_boundary" name="test_stock_snapshot_row_after_basic_end_fails_closed" time="0.465" /><testcase classname="tests.research.test_basic_snapshot_boundary" name="test_stock_schedule_below_minimum_year_fails_closed" time="0.466" /><testcase classname="tests.research.test_basic_snapshot_boundary" name="test_stock_snapshot_without_instrument_reference_fails" time="0.496" /><testcase classname="tests.research.test_basic_snapshot_boundary" name="test_stock_snapshot_unregistered_instrument_fails" time="0.488" /><testcase classname="tests.research.test_benchmarks" name="test_benchmark_spec_rejects_contract_violations" time="0.001" /><testcase classname="tests.research.test_benchmarks" name="test_spec_digest_is_content_derived" time="0.001" /><testcase classname="tests.research.test_benchmarks" name="test_fixed_spec_weights_are_equal_and_canonical" time="0.001" /><testcase classname="tests.research.test_benchmarks" name="test_inception_target_addresses_each_instrument_once" time="0.001" /><testcase classname="tests.research.test_benchmarks" name="test_inception_source_contributes_once_then_stays_silent" time="0.001" /><
[...]
erCandidateAdjudication" name="test_candidate_for_unknown_instrument_fails_closed" time="0.000" /><testcase classname="tests.unit.test_instrument_master_authority.TestDefaultM0Seed" name="test_all_seed_instruments_resolve_rules_on_a_recent_session_date" time="0.001" /><testcase classname="tests.unit.test_instrument_master_authority.TestDefaultM0Seed" name="test_seed_uses_effective_dated_stamp_tax_history" time="0.001" /><testcase classname="tests.unit.test_instrument_master_authority.TestDefaultM0Seed" name="test_each_approved_etf_subtype_has_its_own_fee_profile_family" time="0.001" /><testcase classname="tests.unit.test_instrument_master_authority.TestDefaultM0Seed" name="test_seed_rule_profiles_carry_authoritative_sources" time="0.001" /><testcase classname="tests.unit.test_instrument_rules.TestInstrumentConstruction" name="test_identity_fields_are_retained" time="0.000" /><testcase classname="tests.unit.test_instrument_rules.TestInstrumentConstruction" name="test_instrument_is_immutable" time="0.000" /><testcase classname="tests.unit.test_instrument_rules.TestInstrumentConstruction" name="test_a_share_must_not_declare_a_fund_subtype" time="0.000" /><testcase classname="tests.unit.test_instrument_rules.TestInstrumentConstruction" name="test_etf_declares_an_explicit_approved_subtype" time="0.000" /><testcase classname="tests.unit.test_instrument_rules.TestInstrumentConstruction" name="test_unapproved_subtype_concepts_cannot_be_expressed" time="0.000" /><testcase classname="tests.unit.test_instrument_rules.TestInstrumentConstruction" name="test_invalid_session_date_fields_are_rejected" time="0.001" /><testcase classname="tests.unit.test_instrument_rules.TestProfileReferences" name="test_references_all_four_market_regulatory_profiles" time="0.001" /><testcase classname="tests.unit.test_instrument_rules.TestProfileReferences" name="test_instrument_never_references_broker_or_account_fees" time="0.001" /><testcase classname="tests.unit.test_instrument_rules.TestRuleProfiles" name="test_market_fee_tax_rule_carries_source_and_effective_interval" time="0.000" /><testcase classname="tests.unit.test_instrument_rules.TestRuleProfiles" name="test_rule_profiles_are_immutable" time="0.000" /><testcase classname="tests.unit.test_instrument_rules.TestRuleProfiles" name="test_rule_effective_dates_reject_datetimes" time="0.000" /><testcase classname="tests.unit.test_instrument_rules.TestRuleProfiles" name="test_open_ended_interval_must_not_end_before_it_starts" time="0.000" /><testcase classname="tests.unit.test_instrument_rules.TestRuleProfiles" name="test_standard_lot_rule_fields" time="0.000" /><testcase classname="tests.unit.test_instrument_rules.TestRuleProfiles" name="test_settlement_rule_records_sessions_until_sellable" time="0.000" /><testcase classname="tests.unit.test_instrument_rules.TestRuleProfiles" name="test_price_limit_rule_records_basis_percent_and_tick" time="0.000" /><testcase classname="tests.unit.test_instrument_rules.TestRuleProfiles" name="test_negative_rate_is_rejected" time="0.000" /><testcase classname="tests.unit.test_materializer_gate_receipt" name="test_basic_mode_refuses_end_past_intent_basic_end" time="0.001" /><testcase classname="tests.unit.test_materializer_gate_receipt" name="test_basic_mode_refuses_start_after_warmup_start" time="0.001" /><testcase classname="tests.unit.test_materializer_gate_receipt" name="test_basic_mode_refuses_unknown_mode_and_asset_class_mismatch" time="0.001" /><testcase classname="tests.unit.test_materializer_gate_receipt" name="test_gate_receipt_binds_the_snapshot_and_the_gate_decision" time="0.006" /><testcase classname="tests.unit.test_materializer_gate_receipt" name="test_gate_receipt_is_written_once_and_never_overwritten" time="0.015" /><testcase classname="tests.unit.test_materializer_gate_receipt" name="test_instrument_master_preflight_names_every_failed_lookup" time="0.000" /><testcase classname="tests.unit.test_materializer_gate_receipt" name="test_materializer_gate_failure_preserves_typed_check_diagnostics" time="0.001" /><testcase classname="tests.unit.test_materializer_gate_receipt" name="test_static_preflight_passes_without_creating_output" time="0.053" /><testcase classname="tests.unit.test_materializer_gate_receipt" name="test_static_preflight_rejects_instrument_scope_expansion" time="0.006" /><testcase classname="tests.unit.test_materializer_gate_receipt" name="test_master_failure_happens_before_provider_construction" time="0.008" /><testcase classname="tests.unit.test_materializer_gate_receipt" name="test_preflight_only_cli_never_constructs_provider" time="0.056" /><testcase classname="tests.unit.test_materializer_gate_receipt" name="test_materialization_binds_the_gate_decision_into_the_snapshot_manifest" time="0.087" /><testcase classname="tests.unit.test_money.TestMoneyConstruction" name="test_decimal_amount_and_default_cny_currency" time="0.001" /><testcase classname="tests.unit.test_money.TestMoneyConstruction" name="test_explicit_currency_is_retained" time="0.001" /><testcase classname="tests.unit.test_money.TestMoneyConstruction" name="test_binary_float_is_rejected" time="0.000" /><testcase classname="tests.unit.test_money.TestMoneyConstruction" name="test_integer_is_rejected_even_when_exact" time="0.001" /><testcase classname="tests.unit.test_money.TestMoneyConstruction" name="test_non_finite_decimal_is_rejected" time="0.000" /><testcase classname="tests.unit.test_money.TestMoneyConstruction" name="test_infinity_is_rejected" time="0.001" /><testcase classname="tests.unit.test_money.TestMoneyConstruction" name="test_empty_currency_is_rejected" time="0.001" /><testcase classname="tests.unit.test_money.TestMoneyConstruction" name="test_money_is_immutable" time="0.001" /><testcase classname="tests.unit.test_money.TestMoneyArithmetic" name="test_decimal_arithmetic_is_exact_without_implicit_rounding" time="0.000" /><testcase classname="tests.unit.test_money.TestMoneyArithmetic" name="test_subtraction_is_exact" time="0.000" /><testcase classname="tests.unit.test_money.TestMoneyArithmetic" name="test_adding_mismatched_currencies_is_typed_error" time="0.001" /><testcase classname="tests.unit.test_money.TestMoneyArithmetic" name="test_subtracting_mismatched_currencies_is_typed_error" time="0.000" /><testcase classname="tests.unit.test_money.TestMoneyArithmetic" name="test_scaling_by_integer_quantity_is_exact" time="0.000" /><testcase classname="tests.unit.test_money.TestMoneyArithmetic" name="test_scaling_by_decimal_rate_is_exact" time="0.001" /><testcase classname="tests.unit.test_money.TestMoneyArithmetic" name="test_scaling_by_float_is_rejected" time="0.001" /><testcase classname="tests.unit.test_money.TestMoneyArithmetic" name="test_negation_keeps_currency" time="0.000" /><testcase classname="tests.unit.test_money.TestMoneyArithmetic" name="test_ordering_requires_same_currency" time="0.000" /><testcase classname="tests.unit.test_money.TestExplicitRounding" name="test_rounding_never_happens_implicitly" time="0.000" /><testcase classname="tests.unit.test_money.TestExplicitRounding" name="test_half_up_quantization_to_cents" time="0.000" /><testcase classname="tests.unit.test_money.TestExplicitRounding" name="test_round_down_quantization_to_cents" time="0.001" /><testcase classname="tests.unit.test_money.TestExplicitRounding" name="test_quantization_does_not_mutate_original" time="0.001" /><testcase classname="tests.unit.test_package_contract" name="test_default_initial_capital_is_exactly_cny_100000" time="0.000" /><testcase classname="tests.unit.test_performance_metrics.TestDailyCloseReturns" name="test_maps_consecutive_close_to_close_observations" time="0.001" /><testcase classname="tests.unit.test_performance_metrics.TestDailyCloseReturns" name="test_result_is_independent_of_input_ordering" time="0.001" /><testcase classname="tests.unit.test_performance_metrics.TestDailyCloseReturns" name="test_duplicate_sessions_are_rejected" time="0.001" /><testcase classname="tests.unit.test_performance_metrics.TestDailyCloseReturns" name="test_incomplete_portfolio_nav_is_refused" time="0.001" /><testcase classname="tests.unit.test_performance_metrics.TestReturnStatistics" name="test_total_return_is_ending_over_beginning_minus_one" time="0.001" /><testcase classname="tests.unit.test_performance_metrics.TestReturnStatistics" name="test_cagr_annualizes_over_actual_calendar_days" time="0.001" /><testcase classname="tests.unit.test_performance_metrics.TestReturnStatistics" name="test_cagr_refuses_single_observation_history" time="0.001" /><testcase classname="tests.unit.test_performance_metrics.TestReturnStatistics" name="test_sample_volatility_is_annualized_by_252_sessions" time="0.001" /><testcase classname="tests.unit.test_performance_metrics.TestReturnStatistics" name="test_volatility_refuses_a_single_return" time="0.001" /><testcase classname="tests.unit.test_performance_metrics.TestReturnStatistics" name="test_sharpe_uses_zero_risk_free_and_252_annualization" time="0.001" /><testcase classname="tests.unit.test_performance_metrics.TestReturnStatistics" name="test_sharpe_is_undefined_without_volatility" time="0.001" /><testcase classname="tests.unit.test_performance_metrics.TestReturnStatistics" name="test_sortino_uses_zero_target_and_downside_deviation" time="0.001" /><testcase classname="tests.unit.test_performance_metrics.TestReturnStatistics" name="test_sortino_is_undefined_without_downside_deviation" time="0.000" /><testcase classname="tests.unit.test_performance_metrics.TestDrawdownAndUnderwater" name="test_drawdown_series_measures_decline_from_the_running_peak" time="0.001" /><testcase classname="tests.unit.test_performance_metrics.TestDrawdownAndUnderwater" name="test_max_drawdown_is_the_deepest_running_peak_decline" time="0.001" /><testcase classname="tests.unit.test_performance_metrics.TestDrawdownAndUnderwater" name="test_underwater_duration_reports_sessions_and_calendar_days" time="0.001" /><testcase classname="tests.unit.test_performance_metrics.TestDrawdownAndUnderwater" name="test_underwater_duration_of_a_never_recovered_tail_runs_to_the_end" time="0.001" /><testcase classname="tests.unit.test_performance_metrics.TestDrawdownAndUnderwater" name="test_calmar_divides_cagr_by_absolute_max_drawdown" time="0.001" /><testcase classname="tests.unit.test_performance_metrics.TestDrawdownAndUnderwater" name="test_calmar_is_undefined_without_a_drawdown" time="0.000" /><testcase classname="tests.unit.test_performance_metrics.TestTurnover" name="test_turnover_is_half_gross_notional_over_average_equity" time="0.001" /><testcase classname="tests.unit.test_performance_metrics.TestTurnover" name="test_average_equity_is_the_mean_of_observed_equity" time="0.001" /><testcase classname="tests.unit.test_performance_metrics.TestTurnover" name="test_cost_entries_do_not_change_gross_traded_notional" time="0.001" /><testcase classname="tests.unit.test_performance_metrics.TestTurnover" name="test_non_positive_nav_history_is_refused" time="0.001" /><testcase classname="tests.unit.test_performance_metrics.TestCostDrag" name="test_compares_gross_and_net_performance_under_the_same_fills" time="0.001" /><testcase classname="tests.unit.test_performance_metrics.TestCostDrag" name="test_costs_recorded_after_the_final_observation_are_excluded" time="0.001" /><testcase classname="tests.unit.test_performance_metrics.TestCostDrag" name="test_no_modeled_costs_means_no_drag" time="0.001" /><testcase classname="tests.unit.test_performance_metrics.TestStaleAndIncompleteValuation" name="test_stale_mark_nav_is_retained_and_reported" time="0.001" /><testcase classname="tests.unit.test_performance_metrics.TestStaleAndIncompleteValuation" name="test_truly_incomplete_nav_is_refused_with_its_reasons" time="0.001" /><testcase classname="tests.unit.test_performance_metrics.TestConventionsAndIdentity" name="test_defaults_match_the_m0_metric_decisions" time="0.001" /><testcase classname="tests.unit.test_performance_metrics.TestConventionsAndIdentity" name="test_benchmark_identity_accepts_only_the_m0_values" time="0.001" /><testcase classname="tests.unit.test_performance_metrics.TestConventionsAndIdentity" name="test_convention_digest_changes_with_any_convention_change" time="0.001" /><testcase classname="tests.unit.test_performance_metrics.TestConventionsAndIdentity" name="test_manifest_fields_record_benchmark_and_terminal_mode" time="0.001" /><testcase classname="tests.unit.test_performance_metrics.TestMetricsReport" name="test_report_statistics_match_hand_calculated_values" time="0.001" /><testcase classname="tests.unit.test_performance_metrics.TestMetricsReport" name="test_report_refuses_short_history" time="0.001" /><testcase classname="tests.unit.test_performance_metrics.TestMetricsReport" name="test_report_includes_cost_drag_over_the_supplied_ledger" time="0.001" /><testcase classname="tests.unit.test_performance_metrics.TestMetricsReport" name="test_report_records_the_declared_terminal_mode" time="0.001" /><testcase classname="tests.unit.test_performance_metrics.TestMetricsReport" name="test_report_threads_declared_annualization_into_statistics" time="0.001" /><testcase classname="tests.unit.test_risk_decisions.TestSleeveCapRule" name="test_cap_within_limit_passes_unchanged" time="0.001" /><testcase classname="tests.unit.test_risk_decisions.TestSleeveCapRule" name="test_cap_reduces_largest_positions_first_until_budget_exhausted" time="0.001" /><testcase classname="tests.unit.test_risk_decisions.TestSleeveCapRule" name="test_cap_leaves_other_sleeves_untouched" time="0.001" /><testcase classname="tests.unit.test_risk_decisions.TestRiskTransformation" name="test_approved_weights_never_exceed_theoretical_exposure" time="0.001" /><testcase classname="tests.unit.test_risk_decisions.TestRiskTransformation" name="test_rule_returning_an_increase_is_refused" time="0.001" /><testcase classname="tests.unit.test_risk_decisions.TestRiskTransformation" name="test_block_vetoes_the_target_without_an_approved_output" time="0.001" /><testcase classname="tests.unit.test_risk_decisions.TestRiskTransformation" name="test_rule_order_and_versions_are_recorded_in_output" time="0.001" /><testcase classname="tests.unit.test_risk_decisions.TestRiskTransformation" name="test_transformation_is_deterministic" time="0.001" /><testcase classname="tests.unit.test_risk_decisions.TestRiskTransformation" name="test_approved_target_retains_source_identity" time="0.001" /><testcase classname="tests.unit.test_settlement.TestSellableFromSettlement" name="test_t_plus_one_acquisition_becomes_sellable_next_session" time="0.001" /><testcase classname="tests.unit.test_settlement.TestSellableFromSettlement" name="test_same_day_rule_makes_the_acquisition_immediately_sellable" time="0.001" /><testcase classname="tests.unit.test_settlement.TestSellableFromSettlement" name="test_settlement_beyond_the_calendar_snapshot_fails_closed" time="0.001" /><testcase classname="tests.unit.test_settlement.TestPositionSellability" name="test_acquired_quantity_is_not_sellable_on_the_acquisition_session" time="0.001" /><testcase classname="tests.unit.test_settlement.TestPositionSellability" name="test_sellable_quantity_distinguishes_available_from_total" time="0.001" /><testcase classname="tests.unit.test_settlement.TestPositionSellability" name="test_holding_ledger_entry_carries_settlement_dates" time="0.001" /><testcase classname="tests.unit.test_settlement.TestPositionSellability" name="test_selling_beyond_sellable_quantity_raises_typed_error" time="0.001" /><testcase classname="tests.unit.test_settlement.TestPositionSellability" name="test_fifo_consumption_removes_the_earliest_sellable_lots" time="0.001" /><testcase classname="tests.unit.test_settlement.TestPositionSellability" name="test_average_cost_is_the_weighted_acquisition_price" time="0.001" /><testcase classname="tests.unit.test_settlement.TestSideSpecificLots" name="test_buys_accept_only_complete_lots" time="0.001" /><testcase classname="tests.unit.test_settlement.TestSideSpecificLots" name="test_odd_lot_sells_follow_the_profile_policy" time="0.000" /><testcase classname="tests.unit.test_target_portfolio.TestTargetContribution" name="test_contribution_retains_strategy_sleeve_and_weight" time="0.000" /><testcase classname="tests.unit.test_target_portfolio.TestTargetContribution" name="test_sleeve_is_never_inferred_from_strategy_name" time="0.001" /><testcase classname="tests.unit.test_target_portfolio.TestTargetContribution" name="test_negative_weight_is_rejected" time="0.001" /><testcase classname="tests.unit.test_target_portfolio.TestTargetContribution" name="test_float_weight_is_rejected" time="0.001" /><testcase classname="tests.unit.test_target_portfolio.TestTargetContribution" name="test_empty_strategy_identity_is_rejected" time="0.001" /><testcase classname="tests.unit.test_target_portfolio.TestTheoreticalWeightsAndCash" name="test_instrument_weights_plus_cash_sum_to_exactly_one" time="0.001" /><testcase classname="tests.unit.test_target_portfolio.TestTheoreticalWeightsAndCash" name="test_multiple_strategies_aggregate_on_one_instrument" time="0.000" /><testcase classname="tests.unit.test_target_portfolio.TestTheoreticalWeightsAndCash" name="test_core_and_satellite_aggregate_from_explicit_sleeves" time="0.001" /><testcase classname="tests.unit.test_target_portfolio.TestTheoreticalWeightsAndCash" name="test_one_instrument_must_not_belong_to_two_sleeves" time="0.000" /><testcase classname="tests.unit.test_target_portfolio.TestTheoreticalWeightsAndCash" name="test_total_exposure_above_100_percent_is_rejected" time="0.000" /><testcase classname="tests.unit.test_target_portfolio.TestTheoreticalWeightsAndCash" name="test_exposure_within_declared_tolerance_is_accepted" time="0.000" /><testcase classname="tests.unit.test_target_portfolio.TestZeroVersusAbsent" name="test_explicit_zero_is_an_addressed_exit_target" time="0.000" /><testcase classname="tests.unit.test_target_portfolio.TestZeroVersusAbsent" name="test_absent_instrument_is_not_addressed" time="0.000" /><testcase classname="tests.unit.test_target_portfolio.TestLongOnlyAndConstruction" name="test_empty_contributions_is_an_all_cash_target" time="0.000" /><testcase classname="tests.unit.test_target_portfolio.TestLongOnlyAndConstruction" name="test_identity_fields_are_retained" time="0.000" /><testcase classname="tests.unit.test_target_portfolio.TestLongOnlyAndConstruction" name="test_naive_generated_at_is_rejected" time="0.001" /><testcase classname="tests.unit.test_target_portfolio.TestLongOnlyAndConstruction" name="test_information_cutoff_after_generation_is_rejected" time="0.001" /><testcase classname="tests.unit.test_target_portfolio.TestLongOnlyAndConstruction" name="test_target_is_immutable" time="0.001" /><testcase classname="tests.unit.test_target_portfolio.TestLockAndRevisionIdentity" name="test_supersede_creates_new_revision_and_keeps_the_original" time="0.001" /><testcase classname="tests.unit.test_target_portfolio.TestLockAndRevisionIdentity" name="test_identical_inputs_produce_identical_digests" time="0.001" /><testcase classname="tests.unit.test_target_portfolio.TestLockAndRevisionIdentity" name="test_input_ordering_does_not_change_the_digest" time="0.001" /><testcase classname="tests.unit.test_target_portfolio.TestLockAndRevisionIdentity" name="test_content_change_changes_the_digest" time="0.001" /><testcase classname="tests.unit.test_target_portfolio.TestHeldInstrumentCompleteness" name="test_missing_held_instrument_is_never_silently_hold_or_sell" time="0.001" /><testcase classname="tests.unit.test_target_portfolio.TestHeldInstrumentCompleteness" name="test_explicit_zero_target_satisfies_completeness" time="0.000" /><testcase classname="tests.unit.test_target_portfolio.TestHeldInstrumentCompleteness" name="test_held_instruments_absent_from_target_fail_closed" time="0.000" /><testcase classname="tests.unit.test_target_portfolio.TestHeldInstrumentCompleteness" name="test_complete_target_passes" time="0.001" /></testsuite></testsuites>